[15:21:24] [main/INFO]: Environment: authHost='https://authserver.mojang.com', accountsHost='https://api.mojang.com', sessionHost='https://sessionserver.mojang.com', servicesHost='https://api.minecraftservices.com', name='PROD'
[15:21:24] [main/WARN]: Ambiguity between arguments [teleport, destination] and [teleport, targets] with inputs: [Player, 0123, @e, dd12be42-52a9-4a91-a8a1-11c01849e498]
[15:21:24] [main/WARN]: Ambiguity between arguments [teleport, location] and [teleport, destination] with inputs: [0.1 -0.5 .9, 0 0 0]
[15:21:24] [main/WARN]: Ambiguity between arguments [teleport, location] and [teleport, targets] with inputs: [0.1 -0.5 .9, 0 0 0]
[15:21:24] [main/WARN]: Ambiguity between arguments [teleport, targets] and [teleport, destination] with inputs: [Player, 0123, dd12be42-52a9-4a91-a8a1-11c01849e498]
[15:21:24] [main/WARN]: Ambiguity between arguments [teleport, targets, location] and [teleport, targets, destination] with inputs: [0.1 -0.5 .9, 0 0 0]
[15:21:25] [main/INFO]: Reloading ResourceManager: Default
[15:21:25] [Worker-Main-14/INFO]: Loaded 7 recipes
[15:21:26] [Worker-Main-14/INFO]: Loaded 927 advancements
[15:21:28] [Server thread/INFO]: Starting minecraft server version 1.16.4
[15:21:28] [Server thread/INFO]: Loading properties
[15:21:28] [Server thread/INFO]: Default game type: SURVIVAL
[15:21:28] [Server thread/INFO]: Generating keypair
[15:21:28] [Server thread/INFO]: Starting Minecraft server on *:25565
[15:21:28] [Server thread/INFO]: Using epoll channel type
[15:21:28] [Server thread/WARN]: **** SERVER IS RUNNING IN OFFLINE/INSECURE MODE!
[15:21:28] [Server thread/WARN]: The server will make no attempt to authenticate usernames. Beware.
[15:21:28] [Server thread/WARN]: While this makes the game possible to play without internet access, it also opens up the ability for hackers to connect with any username they choose.
[15:21:28] [Server thread/WARN]: To change this, set "online-mode" to "true" in the server.properties file.
[15:21:28] [Server thread/INFO]: Preparing level "world"
[15:21:28] [Server thread/INFO]: Preparing start region for dimension minecraft:overworld
[15:21:30] [Server thread/INFO]: Preparing spawn area: 0%
[15:21:30] [Server thread/INFO]: Preparing spawn area: 0%
[15:21:30] [Server thread/INFO]: Preparing spawn area: 0%
[15:21:30] [Server thread/INFO]: Preparing spawn area: 0%
[15:21:30] [Server thread/INFO]: Preparing spawn area: 0%
[15:21:31] [Server thread/INFO]: Preparing spawn area: 53%
[15:21:31] [Server thread/INFO]: Time elapsed: 2879 ms
[15:21:31] [Server thread/INFO]: Done (3.015s)! For help, type "help"
[15:21:39] [Server thread/INFO]: sidmeister[/127.0.0.1:43348] logged in with entity id 140 at (-101.61195248618166, 65.0, 1146.7084511510727)
[15:21:39] [Server thread/INFO]: sidmeister joined the game
[15:21:46] [Server thread/INFO]: shobhit_joe[/127.0.0.1:43350] logged in with entity id 598 at (-74.61553372720732, 63.0, 1210.1093444761907)
[15:21:46] [Server thread/INFO]: shobhit_joe joined the game
[15:21:48] [Server thread/INFO]: rachit4102k[/127.0.0.1:43352] logged in with entity id 638 at (-29.178702934669968, 63.0, 1228.418305860057)
[15:21:48] [Server thread/INFO]: rachit4102k joined the game
[15:22:01] [Server thread/INFO]: shobhit_joe lost connection: Timed out
[15:22:01] [Server thread/INFO]: shobhit_joe left the game
[15:22:03] [Server thread/INFO]: rachit4102k lost connection: Timed out
[15:22:03] [Server thread/INFO]: rachit4102k left the game
[15:22:07] [Server thread/INFO]: gucchu[/127.0.0.1:43356] logged in with entity id 690 at (-77.11370404085015, 63.0, 1209.5482740404886)
[15:22:07] [Server thread/INFO]: gucchu joined the game
[15:22:14] [Server thread/INFO]: shobhit_joe[/127.0.0.1:43358] logged in with entity id 695 at (-74.61553372720732, 63.0, 1210.1093444761907)
[15:22:14] [Server thread/INFO]: shobhit_joe joined the game
[15:22:22] [Server thread/INFO]: gucchu lost connection: Timed out
[15:22:22] [Server thread/INFO]: gucchu left the game
[15:22:30] [Server thread/INFO]: shobhit_joe lost connection: Timed out
[15:22:30] [Server thread/INFO]: shobhit_joe left the game
[15:22:40] [Server thread/INFO]: sidmeister lost connection: Timed out
[15:22:40] [Server thread/INFO]: sidmeister left the game
[15:23:09] [Server thread/INFO]: sidmeister[/127.0.0.1:43382] logged in with entity id 745 at (-114.50299711556362, 64.0, 1159.3280641093133)
[15:23:09] [Server thread/INFO]: sidmeister joined the game
[15:23:25] [Server thread/INFO]: gucchu[/127.0.0.1:43388] logged in with entity id 1152 at (-77.11370404085015, 63.0, 1209.5482740404886)
[15:23:25] [Server thread/INFO]: gucchu joined the game
[15:23:54] [Server thread/INFO]: sidmeister lost connection: Timed out
[15:23:54] [Server thread/INFO]: sidmeister left the game
[15:23:55] [Server thread/INFO]: gucchu lost connection: Timed out
[15:23:55] [Server thread/INFO]: gucchu left the game
[15:23:57] [Server thread/INFO]: Stopping the server
[15:23:57] [Server thread/INFO]: Stopping server
[15:23:57] [Server thread/INFO]: Saving players
[15:23:57] [Server thread/INFO]: Saving worlds
[15:23:57] [Server thread/INFO]: Saving chunks for level 'ServerLevel[world]'/minecraft:overworld
[15:24:00] [Server thread/INFO]: ThreadedAnvilChunkStorage (world): All chunks are saved
[15:24:00] [Server thread/INFO]: Saving chunks for level 'ServerLevel[world]'/minecraft:the_nether
[15:24:00] [Server thread/INFO]: ThreadedAnvilChunkStorage (DIM-1): All chunks are saved
[15:24:00] [Server thread/INFO]: Saving chunks for level 'ServerLevel[world]'/minecraft:the_end
[15:24:00] [Server thread/INFO]: ThreadedAnvilChunkStorage (DIM1): All chunks are saved
[15:24:00] [Server thread/INFO]: ThreadedAnvilChunkStorage (world): All chunks are saved
[15:24:00] [Server thread/INFO]: ThreadedAnvilChunkStorage (DIM-1): All chunks are saved
[15:24:00] [Server thread/INFO]: ThreadedAnvilChunkStorage (DIM1): All chunks are saved
